#
# A fatal error has been detected by the Java Runtime Environment:
#
#  EXCEPTION_ACCESS_VIOLATION (0xc0000005) at pc=0x155f4370, pid=6780, tid=0x00000864
#
# JRE version: Java(TM) SE Runtime Environment (8.0_111-b14) (build 1.8.0_111-b14)
# Java VM: Java HotSpot(TM) Client VM (25.111-b14 mixed mode windows-x86 )
# Problematic frame:
# C  [JCustomOpc.dll+0x64370]
#
# Failed to write core dump. Minidumps are not enabled by default on client versions of Windows
#
# If you would like to submit a bug report, please visit:
#   http://bugreport.java.com/bugreport/crash.jsp
# The crash happened outside the Java Virtual Machine in native code.
# See problematic frame for where to report the bug.
#

---------------  T H R E A D  ---------------

Current thread (0x159acc00):  JavaThread "AWT-EventQueue-0" [_thread_in_native, id=2148, stack(0x15ea0000,0x15ef0000)]

siginfo: ExceptionCode=0xc0000005, reading address 0x00000000

Registers:
EAX=0x00000000, EBX=0x15611b38, ECX=0x00000000, EDX=0x15611bb8
ESP=0x15eedfc0, EBP=0x15eedfe8, ESI=0x15611bb8, EDI=0x00000000
EIP=0x155f4370, EFLAGS=0x00010246

Top of Stack: (sp=0x15eedfc0)
0x15eedfc0:   00000000 00000000 00000000 15eee000
0x15eedfd0:   155f43bc 15eedfe8 00000000 00000001
0x15eedfe0:   15611b38 00000000 15eee018 155f43f2
0x15eedff0:   159acc00 15eee068 15611b38 155f67a2
0x15eee000:   15eee6d8 155f67ac 15eee018 159acc00
0x15eee010:   169f2cd0 169f2cd8 15eee058 026fbfb3
0x15eee020:   159acd40 15eee068 026fbdd0 16a92438
0x15eee030:   169f2cd8 026fbda6 15eee038 169f2cd0 

Instructions: (pc=0x155f4370)
0x155f4350:   00 53 56 57 8b f2 8b d8 33 c0 55 68 bc 43 5f 15
0x155f4360:   64 ff 30 64 89 20 6a 00 8b 46 20 50 8b 43 14 50
0x155f4370:   8b 00 ff 50 1c 8b f8 89 7b 10 8b c7 a9 00 00 00
0x155f4380:   80 0f 94 c0 84 c0 75 1e 8d 55 fc 8b c6 e8 06 27 


Register to memory mapping:

EAX=0x00000000 is an unknown value
EBX=0x15611b38 is an unknown value
ECX=0x00000000 is an unknown value
EDX=0x15611bb8 is an unknown value
ESP=0x15eedfc0 is pointing into the stack for thread: 0x159acc00
EBP=0x15eedfe8 is pointing into the stack for thread: 0x159acc00
ESI=0x15611bb8 is an unknown value
EDI=0x00000000 is an unknown value


Stack: [0x15ea0000,0x15ef0000],  sp=0x15eedfc0,  free space=311k
Native frames: (J=compiled Java code, j=interpreted, Vv=VM code, C=native code)
C  [JCustomOpc.dll+0x64370]
C  [JCustomOpc.dll+0x643f2]
j  javafish.clients.opc.JOpc.unregisterGroupsNative()V+0
j  javafish.clients.opc.JOpc.unregisterGroups()V+1
j  Principal.OPCRead.desconectarOPC()V+4
j  Principal.OPCRead.btnConectarActionPerformed(Ljava/awt/event/ActionEvent;)V+77
j  Principal.OPCRead.access$200(LPrincipal/OPCRead;Ljava/awt/event/ActionEvent;)V+2
j  Principal.OPCRead$3.actionPerformed(Ljava/awt/event/ActionEvent;)V+5
j  javax.swing.AbstractButton.fireActionPerformed(Ljava/awt/event/ActionEvent;)V+83
j  javax.swing.AbstractButton$Handler.actionPerformed(Ljava/awt/event/ActionEvent;)V+5
j  javax.swing.DefaultButtonModel.fireActionPerformed(Ljava/awt/event/ActionEvent;)V+34
j  javax.swing.DefaultButtonModel.setPressed(Z)V+117
j  javax.swing.plaf.basic.BasicButtonListener.mouseReleased(Ljava/awt/event/MouseEvent;)V+35
j  java.awt.Component.processMouseEvent(Ljava/awt/event/MouseEvent;)V+64
j  javax.swing.JComponent.processMouseEvent(Ljava/awt/event/MouseEvent;)V+23
j  java.awt.Component.processEvent(Ljava/awt/AWTEvent;)V+81
j  java.awt.Container.processEvent(Ljava/awt/AWTEvent;)V+18
j  java.awt.Component.dispatchEventImpl(Ljava/awt/AWTEvent;)V+589
j  java.awt.Container.dispatchEventImpl(Ljava/awt/AWTEvent;)V+42
j  java.awt.Component.dispatchEvent(Ljava/awt/AWTEvent;)V+2
j  java.awt.LightweightDispatcher.retargetMouseEvent(Ljava/awt/Component;ILjava/awt/event/MouseEvent;)V+327
j  java.awt.LightweightDispatcher.processMouseEvent(Ljava/awt/event/MouseEvent;)Z+155
j  java.awt.LightweightDispatcher.dispatchEvent(Ljava/awt/AWTEvent;)Z+50
j  java.awt.Container.dispatchEventImpl(Ljava/awt/AWTEvent;)V+12
j  java.awt.Window.dispatchEventImpl(Ljava/awt/AWTEvent;)V+19
j  java.awt.Component.dispatchEvent(Ljava/awt/AWTEvent;)V+2
j  java.awt.EventQueue.dispatchEventImpl(Ljava/awt/AWTEvent;Ljava/lang/Object;)V+41
j  java.awt.EventQueue.access$500(Ljava/awt/EventQueue;Ljava/awt/AWTEvent;Ljava/lang/Object;)V+3
j  java.awt.EventQueue$3.run()Ljava/lang/Void;+32
j  java.awt.EventQueue$3.run()Ljava/lang/Object;+1
v  ~StubRoutines::call_stub
V  [jvm.dll+0x15a895]
V  [jvm.dll+0x220bfe]
V  [jvm.dll+0x15a92e]
V  [jvm.dll+0x10aeaf]
C  [java.dll+0x102f]
j  java.security.ProtectionDomain$JavaSecurityAccessImpl.doIntersectionPrivilege(Ljava/security/PrivilegedAction;Ljava/security/AccessControlContext;Ljava/security/AccessControlContext;)Ljava/lang/Object;+18
j  java.security.ProtectionDomain$JavaSecurityAccessImpl.doIntersectionPrivilege(Ljava/security/PrivilegedAction;Ljava/security/AccessControlContext;)Ljava/lang/Object;+6
j  java.awt.EventQueue$4.run()Ljava/lang/Void;+11
j  java.awt.EventQueue$4.run()Ljava/lang/Object;+1
v  ~StubRoutines::call_stub
V  [jvm.dll+0x15a895]
V  [jvm.dll+0x220bfe]
V  [jvm.dll+0x15a92e]
V  [jvm.dll+0x10aeaf]
C  [java.dll+0x102f]
j  java.security.ProtectionDomain$JavaSecurityAccessImpl.doIntersectionPrivilege(Ljava/security/PrivilegedAction;Ljava/security/AccessControlContext;Ljava/security/AccessControlContext;)Ljava/lang/Object;+18
j  java.awt.EventQueue.dispatchEvent(Ljava/awt/AWTEvent;)V+73
j  java.awt.EventDispatchThread.pumpOneEventForFilters(I)V+245
j  java.awt.EventDispatchThread.pumpEventsForFilter(ILjava/awt/Conditional;Ljava/awt/EventFilter;)V+35
j  java.awt.EventDispatchThread.pumpEventsForHierarchy(ILjava/awt/Conditional;Ljava/awt/Component;)V+11
j  java.awt.EventDispatchThread.pumpEvents(ILjava/awt/Conditional;)V+4
j  java.awt.EventDispatchThread.pumpEvents(Ljava/awt/Conditional;)V+3
j  java.awt.EventDispatchThread.run()V+9
v  ~StubRoutines::call_stub
V  [jvm.dll+0x15a895]
V  [jvm.dll+0x220bfe]
V  [jvm.dll+0x15a92e]
V  [jvm.dll+0x15aab6]
V  [jvm.dll+0x15ab27]
V  [jvm.dll+0xfef8f]
V  [jvm.dll+0x17d6f0]
V  [jvm.dll+0x17df6a]
V  [jvm.dll+0x1c29c6]
C  [msvcr100.dll+0x5c556]
C  [msvcr100.dll+0x5c600]
C  [KERNEL32.DLL+0x138f4]
C  [ntdll.dll+0x65de3]
C  [ntdll.dll+0x65dae]
C  0x00000000

Java frames: (J=compiled Java code, j=interpreted, Vv=VM code)
j  javafish.clients.opc.JOpc.unregisterGroupsNative()V+0
j  javafish.clients.opc.JOpc.unregisterGroups()V+1
j  Principal.OPCRead.desconectarOPC()V+4
j  Principal.OPCRead.btnConectarActionPerformed(Ljava/awt/event/ActionEvent;)V+77
j  Principal.OPCRead.access$200(LPrincipal/OPCRead;Ljava/awt/event/ActionEvent;)V+2
j  Principal.OPCRead$3.actionPerformed(Ljava/awt/event/ActionEvent;)V+5
j  javax.swing.AbstractButton.fireActionPerformed(Ljava/awt/event/ActionEvent;)V+83
j  javax.swing.AbstractButton$Handler.actionPerformed(Ljava/awt/event/ActionEvent;)V+5
j  javax.swing.DefaultButtonModel.fireActionPerformed(Ljava/awt/event/ActionEvent;)V+34
j  javax.swing.DefaultButtonModel.setPressed(Z)V+117
j  javax.swing.plaf.basic.BasicButtonListener.mouseReleased(Ljava/awt/event/MouseEvent;)V+35
j  java.awt.Component.processMouseEvent(Ljava/awt/event/MouseEvent;)V+64
j  javax.swing.JComponent.processMouseEvent(Ljava/awt/event/MouseEvent;)V+23
j  java.awt.Component.processEvent(Ljava/awt/AWTEvent;)V+81
j  java.awt.Container.processEvent(Ljava/awt/AWTEvent;)V+18
j  java.awt.Component.dispatchEventImpl(Ljava/awt/AWTEvent;)V+589
j  java.awt.Container.dispatchEventImpl(Ljava/awt/AWTEvent;)V+42
j  java.awt.Component.dispatchEvent(Ljava/awt/AWTEvent;)V+2
j  java.awt.LightweightDispatcher.retargetMouseEvent(Ljava/awt/Component;ILjava/awt/event/MouseEvent;)V+327
j  java.awt.LightweightDispatcher.processMouseEvent(Ljava/awt/event/MouseEvent;)Z+155
j  java.awt.LightweightDispatcher.dispatchEvent(Ljava/awt/AWTEvent;)Z+50
j  java.awt.Container.dispatchEventImpl(Ljava/awt/AWTEvent;)V+12
j  java.awt.Window.dispatchEventImpl(Ljava/awt/AWTEvent;)V+19
j  java.awt.Component.dispatchEvent(Ljava/awt/AWTEvent;)V+2
j  java.awt.EventQueue.dispatchEventImpl(Ljava/awt/AWTEvent;Ljava/lang/Object;)V+41
j  java.awt.EventQueue.access$500(Ljava/awt/EventQueue;Ljava/awt/AWTEvent;Ljava/lang/Object;)V+3
j  java.awt.EventQueue$3.run()Ljava/lang/Void;+32
j  java.awt.EventQueue$3.run()Ljava/lang/Object;+1
v  ~StubRoutines::call_stub
j  java.security.AccessController.doPrivileged(Ljava/security/PrivilegedAction;Ljava/security/AccessControlContext;)Ljava/lang/Object;+0
j  java.security.ProtectionDomain$JavaSecurityAccessImpl.doIntersectionPrivilege(Ljava/security/PrivilegedAction;Ljava/security/AccessControlContext;Ljava/security/AccessControlContext;)Ljava/lang/Object;+18
j  java.security.ProtectionDomain$JavaSecurityAccessImpl.doIntersectionPrivilege(Ljava/security/PrivilegedAction;Ljava/security/AccessControlContext;)Ljava/lang/Object;+6
j  java.awt.EventQueue$4.run()Ljava/lang/Void;+11
j  java.awt.EventQueue$4.run()Ljava/lang/Object;+1
v  ~StubRoutines::call_stub
j  java.security.AccessController.doPrivileged(Ljava/security/PrivilegedAction;Ljava/security/AccessControlContext;)Ljava/lang/Object;+0
j  java.security.ProtectionDomain$JavaSecurityAccessImpl.doIntersectionPrivilege(Ljava/security/PrivilegedAction;Ljava/security/AccessControlContext;Ljava/security/AccessControlContext;)Ljava/lang/Object;+18
j  java.awt.EventQueue.dispatchEvent(Ljava/awt/AWTEvent;)V+73
j  java.awt.EventDispatchThread.pumpOneEventForFilters(I)V+245
j  java.awt.EventDispatchThread.pumpEventsForFilter(ILjava/awt/Conditional;Ljava/awt/EventFilter;)V+35
j  java.awt.EventDispatchThread.pumpEventsForHierarchy(ILjava/awt/Conditional;Ljava/awt/Component;)V+11
j  java.awt.EventDispatchThread.pumpEvents(ILjava/awt/Conditional;)V+4
j  java.awt.EventDispatchThread.pumpEvents(Ljava/awt/Conditional;)V+3
j  java.awt.EventDispatchThread.run()V+9
v  ~StubRoutines::call_stub

---------------  P R O C E S S  ---------------

Java Threads: ( => current thread )
  0x15a2cc00 JavaThread "TimerQueue" daemon [_thread_blocked, id=4768, stack(0x16030000,0x16080000)]
  0x0084bc00 JavaThread "DestroyJavaVM" [_thread_blocked, id=4292, stack(0x00a00000,0x00a50000)]
=>0x159acc00 JavaThread "AWT-EventQueue-0" [_thread_in_native, id=2148, stack(0x15ea0000,0x15ef0000)]
  0x14e53000 JavaThread "AWT-Windows" daemon [_thread_in_native, id=6904, stack(0x15300000,0x15350000)]
  0x14e52800 JavaThread "AWT-Shutdown" [_thread_blocked, id=2524, stack(0x15270000,0x152c0000)]
  0x14e4fc00 JavaThread "Java2D Disposer" daemon [_thread_blocked, id=5592, stack(0x151e0000,0x15230000)]
  0x14caa800 JavaThread "Service Thread" daemon [_thread_blocked, id=5664, stack(0x14fc0000,0x15010000)]
  0x14c98000 JavaThread "C1 CompilerThread0" daemon [_thread_blocked, id=4296, stack(0x14f30000,0x14f80000)]
  0x14c97400 JavaThread "Attach Listener" daemon [_thread_blocked, id=4036, stack(0x14ea0000,0x14ef0000)]
  0x14c95000 JavaThread "Signal Dispatcher" daemon [_thread_blocked, id=3648, stack(0x01230000,0x01280000)]
  0x14c75800 JavaThread "Finalizer" daemon [_thread_blocked, id=3088, stack(0x011a0000,0x011f0000)]
  0x14c63400 JavaThread "Reference Handler" daemon [_thread_blocked, id=1048, stack(0x01110000,0x01160000)]

Other Threads:
  0x00eecc00 VMThread [stack: 0x01080000,0x010d0000] [id=6280]
  0x14c93c00 WatcherThread [stack: 0x15050000,0x150a0000] [id=2256]

VM state:not at safepoint (normal execution)

VM Mutex/Monitor currently owned by a thread: None

Heap:
 def new generation   total 4928K, used 1432K [0x04800000, 0x04d50000, 0x09d50000)
  eden space 4416K,  20% used [0x04800000, 0x048e6340, 0x04c50000)
  from space 512K, 100% used [0x04c50000, 0x04cd0000, 0x04cd0000)
  to   space 512K,   0% used [0x04cd0000, 0x04cd0000, 0x04d50000)
 tenured generation   total 10944K, used 6906K [0x09d50000, 0x0a800000, 0x14800000)
   the space 10944K,  63% used [0x09d50000, 0x0a40ea60, 0x0a40ec00, 0x0a800000)
 Metaspace       used 10523K, capacity 10743K, committed 10880K, reserved 11648K

Card table byte_map: [0x00ff0000,0x01080000] byte_map_base: 0x00fcc000

Polling page: 0x00a50000

CodeCache: size=32768Kb used=1316Kb max_used=1316Kb free=31451Kb
 bounds [0x026f0000, 0x02840000, 0x046f0000]
 total_blobs=750 nmethods=480 adapters=201
 compilation: enabled

Compilation events (10 events):
Event: 45.695 Thread 0x14c98000  482             java.awt.EventQueue::eventToCacheIndex (80 bytes)
Event: 45.696 Thread 0x14c98000 nmethod 482 0x027f95c8 code [0x027f96c0, 0x027f9810]
Event: 45.864 Thread 0x14c98000  483             java.awt.Component::getCursor_NoClientCode (30 bytes)
Event: 45.865 Thread 0x14c98000 nmethod 483 0x027f9248 code [0x027f9370, 0x027f94a4]
Event: 47.346 Thread 0x14c98000  484             java.awt.event.InputEvent::getModifiers (8 bytes)
Event: 47.346 Thread 0x14c98000 nmethod 484 0x027f9088 code [0x027f9180, 0x027f9200]
Event: 48.135 Thread 0x14c98000  485             sun.awt.SunToolkit::flushPendingEvents (19 bytes)
Event: 48.136 Thread 0x14c98000 nmethod 485 0x027f8dc8 code [0x027f8ee0, 0x027f8fb8]
Event: 48.243 Thread 0x14c98000  486             java.awt.event.InputEvent::isConsumed (5 bytes)
Event: 48.243 Thread 0x14c98000 nmethod 486 0x027f8c08 code [0x027f8d00, 0x027f8d80]

GC Heap History (10 events):
Event: 1.535 GC heap before
{Heap before GC invocations=1 (full 0):
 def new generation   total 4928K, used 4928K [0x04800000, 0x04d50000, 0x09d50000)
  eden space 4416K, 100% used [0x04800000, 0x04c50000, 0x04c50000)
  from space 512K, 100% used [0x04cd0000, 0x04d50000, 0x04d50000)
  to   space 512K,   0% used [0x04c50000, 0x04c50000, 0x04cd0000)
 tenured generation   total 10944K, used 998K [0x09d50000, 0x0a800000, 0x14800000)
   the space 10944K,   9% used [0x09d50000, 0x09e49a38, 0x09e49c00, 0x0a800000)
 Metaspace       used 8597K, capacity 8791K, committed 8832K, reserved 9600K
Event: 1.546 GC heap after
Heap after GC invocations=2 (full 0):
 def new generation   total 4928K, used 512K [0x04800000, 0x04d50000, 0x09d50000)
  eden space 4416K,   0% used [0x04800000, 0x04800000, 0x04c50000)
  from space 512K, 100% used [0x04c50000, 0x04cd0000, 0x04cd0000)
  to   space 512K,   0% used [0x04cd0000, 0x04cd0000, 0x04d50000)
 tenured generation   total 10944K, used 2326K [0x09d50000, 0x0a800000, 0x14800000)
   the space 10944K,  21% used [0x09d50000, 0x09f95838, 0x09f95a00, 0x0a800000)
 Metaspace       used 8597K, capacity 8791K, committed 8832K, reserved 9600K
}
Event: 1.755 GC heap before
{Heap before GC invocations=2 (full 0):
 def new generation   total 4928K, used 3536K [0x04800000, 0x04d50000, 0x09d50000)
  eden space 4416K,  68% used [0x04800000, 0x04af4378, 0x04c50000)
  from space 512K, 100% used [0x04c50000, 0x04cd0000, 0x04cd0000)
  to   space 512K,   0% used [0x04cd0000, 0x04cd0000, 0x04d50000)
 tenured generation   total 10944K, used 2326K [0x09d50000, 0x0a800000, 0x14800000)
   the space 10944K,  21% used [0x09d50000, 0x09f95838, 0x09f95a00, 0x0a800000)
 Metaspace       used 9313K, capacity 9527K, committed 9600K, reserved 9600K
Event: 1.762 GC heap after
Heap after GC invocations=3 (full 0):
 def new generation   total 4928K, used 512K [0x04800000, 0x04d50000, 0x09d50000)
  eden space 4416K,   0% used [0x04800000, 0x04800000, 0x04c50000)
  from space 512K, 100% used [0x04cd0000, 0x04d50000, 0x04d50000)
  to   space 512K,   0% used [0x04c50000, 0x04c50000, 0x04cd0000)
 tenured generation   total 10944K, used 3122K [0x09d50000, 0x0a800000, 0x14800000)
   the space 10944K,  28% used [0x09d50000, 0x0a05c9e8, 0x0a05ca00, 0x0a800000)
 Metaspace       used 9313K, capacity 9527K, committed 9600K, reserved 9600K
}
Event: 1.914 GC heap before
{Heap before GC invocations=3 (full 0):
 def new generation   total 4928K, used 4928K [0x04800000, 0x04d50000, 0x09d50000)
  eden space 4416K, 100% used [0x04800000, 0x04c50000, 0x04c50000)
  from space 512K, 100% used [0x04cd0000, 0x04d50000, 0x04d50000)
  to   space 512K,   0% used [0x04c50000, 0x04c50000, 0x04cd0000)
 tenured generation   total 10944K, used 3122K [0x09d50000, 0x0a800000, 0x14800000)
   the space 10944K,  28% used [0x09d50000, 0x0a05c9e8, 0x0a05ca00, 0x0a800000)
 Metaspace       used 9700K, capacity 9911K, committed 9984K, reserved 10624K
Event: 1.925 GC heap after
Heap after GC invocations=4 (full 0):
 def new generation   total 4928K, used 307K [0x04800000, 0x04d50000, 0x09d50000)
  eden space 4416K,   0% used [0x04800000, 0x04800000, 0x04c50000)
  from space 512K,  60% used [0x04c50000, 0x04c9cf78, 0x04cd0000)
  to   space 512K,   0% used [0x04cd0000, 0x04cd0000, 0x04d50000)
 tenured generation   total 10944K, used 6555K [0x09d50000, 0x0a800000, 0x14800000)
   the space 10944K,  59% used [0x09d50000, 0x0a3b6fd0, 0x0a3b7000, 0x0a800000)
 Metaspace       used 9700K, capacity 9911K, committed 9984K, reserved 10624K
}
Event: 12.263 GC heap before
{Heap before GC invocations=4 (full 0):
 def new generation   total 4928K, used 4723K [0x04800000, 0x04d50000, 0x09d50000)
  eden space 4416K, 100% used [0x04800000, 0x04c50000, 0x04c50000)
  from space 512K,  60% used [0x04c50000, 0x04c9cf78, 0x04cd0000)
  to   space 512K,   0% used [0x04cd0000, 0x04cd0000, 0x04d50000)
 tenured generation   total 10944K, used 6555K [0x09d50000, 0x0a800000, 0x14800000)
   the space 10944K,  59% used [0x09d50000, 0x0a3b6fd0, 0x0a3b7000, 0x0a800000)
 Metaspace       used 9880K, capacity 10103K, committed 10240K, reserved 10624K
Event: 12.266 GC heap after
Heap after GC invocations=5 (full 0):
 def new generation   total 4928K, used 123K [0x04800000, 0x04d50000, 0x09d50000)
  eden space 4416K,   0% used [0x04800000, 0x04800000, 0x04c50000)
  from space 512K,  24% used [0x04cd0000, 0x04ceee80, 0x04d50000)
  to   space 512K,   0% used [0x04c50000, 0x04c50000, 0x04cd0000)
 tenured generation   total 10944K, used 6661K [0x09d50000, 0x0a800000, 0x14800000)
   the space 10944K,  60% used [0x09d50000, 0x0a3d1698, 0x0a3d1800, 0x0a800000)
 Metaspace       used 9880K, capacity 10103K, committed 10240K, reserved 10624K
}
Event: 41.319 GC heap before
{Heap before GC invocations=5 (full 0):
 def new generation   total 4928K, used 4539K [0x04800000, 0x04d50000, 0x09d50000)
  eden space 4416K, 100% used [0x04800000, 0x04c50000, 0x04c50000)
  from space 512K,  24% used [0x04cd0000, 0x04ceee80, 0x04d50000)
  to   space 512K,   0% used [0x04c50000, 0x04c50000, 0x04cd0000)
 tenured generation   total 10944K, used 6661K [0x09d50000, 0x0a800000, 0x14800000)
   the space 10944K,  60% used [0x09d50000, 0x0a3d1698, 0x0a3d1800, 0x0a800000)
 Metaspace       used 10523K, capacity 10743K, committed 10880K, reserved 11648K
Event: 41.323 GC heap after
Heap after GC invocations=6 (full 0):
 def new generation   total 4928K, used 512K [0x04800000, 0x04d50000, 0x09d50000)
  eden space 4416K,   0% used [0x04800000, 0x04800000, 0x04c50000)
  from space 512K, 100% used [0x04c50000, 0x04cd0000, 0x04cd0000)
  to   space 512K,   0% used [0x04cd0000, 0x04cd0000, 0x04d50000)
 tenured generation   total 10944K, used 6906K [0x09d50000, 0x0a800000, 0x14800000)
   the space 10944K,  63% used [0x09d50000, 0x0a40ea60, 0x0a40ec00, 0x0a800000)
 Metaspace       used 10523K, capacity 10743K, committed 10880K, reserved 11648K
}

Deoptimization events (0 events):
No events

Internal exceptions (10 events):
Event: 16.649 Thread 0x159acc00 Exception <a 'java/lang/ArrayIndexOutOfBoundsException': 160> (0x04ae0150) thrown at [C:\re\workspace\8-2-build-windows-i586-cygwin\jdk8u111\7883\hotspot\src\share\vm\interpreter\interpreterRuntime.cpp, line 366]
Event: 16.654 Thread 0x159acc00 Exception <a 'java/lang/ClassNotFoundException': org/apache/log4j/LayoutCustomizer> (0x04ae68e8) thrown at [C:\re\workspace\8-2-build-windows-i586-cygwin\jdk8u111\7883\hotspot\src\share\vm\classfile\systemDictionary.cpp, line 210]
Event: 16.657 Thread 0x159acc00 Exception <a 'java/lang/ClassNotFoundException': org/apache/log4j/PatternLayoutCustomizer> (0x04af7ef0) thrown at [C:\re\workspace\8-2-build-windows-i586-cygwin\jdk8u111\7883\hotspot\src\share\vm\classfile\systemDictionary.cpp, line 210]
Event: 16.664 Thread 0x159acc00 Exception <a 'java/lang/ClassNotFoundException': org/apache/log4j/FileAppenderBeanInfo> (0x04b10cd0) thrown at [C:\re\workspace\8-2-build-windows-i586-cygwin\jdk8u111\7883\hotspot\src\share\vm\classfile\systemDictionary.cpp, line 210]
Event: 16.665 Thread 0x159acc00 Exception <a 'java/lang/ClassNotFoundException': org/apache/log4j/WriterAppenderBeanInfo> (0x04b156a8) thrown at [C:\re\workspace\8-2-build-windows-i586-cygwin\jdk8u111\7883\hotspot\src\share\vm\classfile\systemDictionary.cpp, line 210]
Event: 16.666 Thread 0x159acc00 Exception <a 'java/lang/ClassNotFoundException': org/apache/log4j/AppenderSkeletonBeanInfo> (0x04b1a1a0) thrown at [C:\re\workspace\8-2-build-windows-i586-cygwin\jdk8u111\7883\hotspot\src\share\vm\classfile\systemDictionary.cpp, line 210]
Event: 16.667 Thread 0x159acc00 Exception <a 'java/lang/ClassNotFoundException': org/apache/log4j/AppenderSkeletonCustomizer> (0x04b1ec90) thrown at [C:\re\workspace\8-2-build-windows-i586-cygwin\jdk8u111\7883\hotspot\src\share\vm\classfile\systemDictionary.cpp, line 210]
Event: 16.670 Thread 0x159acc00 Exception <a 'java/lang/ClassNotFoundException': org/apache/log4j/WriterAppenderCustomizer> (0x04b34ee0) thrown at [C:\re\workspace\8-2-build-windows-i586-cygwin\jdk8u111\7883\hotspot\src\share\vm\classfile\systemDictionary.cpp, line 210]
Event: 16.672 Thread 0x159acc00 Exception <a 'java/lang/ClassNotFoundException': org/apache/log4j/FileAppenderCustomizer> (0x04b45448) thrown at [C:\re\workspace\8-2-build-windows-i586-cygwin\jdk8u111\7883\hotspot\src\share\vm\classfile\systemDictionary.cpp, line 210]
Event: 37.856 Thread 0x159acc00 Exception <a 'javafish/clients/opc/exception/ConnectivityException': Connection fails to OPC Server.> (0x04b79630) thrown at [C:\re\workspace\8-2-build-windows-i586-cygwin\jdk8u111\7883\hotspot\src\share\vm\prims\jni.cpp, line 735]

Events (10 events):
Event: 41.323 Executing VM operation: RevokeBias
Event: 41.323 Executing VM operation: RevokeBias done
Event: 41.324 Executing VM operation: RevokeBias
Event: 41.324 Executing VM operation: RevokeBias done
Event: 41.324 Executing VM operation: RevokeBias
Event: 41.324 Executing VM operation: RevokeBias done
Event: 41.324 Executing VM operation: RevokeBias
Event: 41.324 Executing VM operation: RevokeBias done
Event: 43.563 Thread 0x14c98000 flushing nmethod 0x027c2bc8
Event: 45.336 Thread 0x14c98000 flushing nmethod 0x027f7108


Dynamic libraries:
0x012b0000 - 0x012e3000 	C:\Program Files (x86)\Java\jdk1.8.0_111\bin\java.exe
0x76f50000 - 0x770cb000 	C:\Windows\SYSTEM32\ntdll.dll
0x75570000 - 0x75650000 	C:\Windows\SYSTEM32\KERNEL32.DLL
0x75d20000 - 0x75e9e000 	C:\Windows\SYSTEM32\KERNELBASE.dll
0x70e10000 - 0x70ea2000 	C:\Windows\system32\apphelp.dll
0x75ef0000 - 0x75f6b000 	C:\Windows\SYSTEM32\ADVAPI32.dll
0x76290000 - 0x7634e000 	C:\Windows\SYSTEM32\msvcrt.dll
0x75b00000 - 0x75b44000 	C:\Windows\SYSTEM32\sechost.dll
0x76510000 - 0x765bd000 	C:\Windows\SYSTEM32\RPCRT4.dll
0x73c80000 - 0x73c9e000 	C:\Windows\SYSTEM32\SspiCli.dll
0x73c70000 - 0x73c7a000 	C:\Windows\SYSTEM32\CRYPTBASE.dll
0x75fe0000 - 0x76038000 	C:\Windows\SYSTEM32\bcryptPrimitives.dll
0x765c0000 - 0x76707000 	C:\Windows\SYSTEM32\USER32.dll
0x76050000 - 0x7619f000 	C:\Windows\SYSTEM32\GDI32.dll
0x71420000 - 0x7162f000 	C:\Windows\WinSxS\x86_microsoft.windows.common-controls_6595b64144ccf1df_6.0.10586.494_none_ea85e725b9ba5a4b\COMCTL32.dll
0x73cf0000 - 0x73ead000 	C:\Windows\SYSTEM32\combase.dll
0x75f70000 - 0x75f9b000 	C:\Windows\SYSTEM32\IMM32.DLL
0x69fb0000 - 0x6a06f000 	C:\Program Files (x86)\Java\jdk1.8.0_111\jre\bin\msvcr100.dll
0x69ab0000 - 0x69e7d000 	C:\Program Files (x86)\Java\jdk1.8.0_111\jre\bin\client\jvm.dll
0x76f40000 - 0x76f46000 	C:\Windows\SYSTEM32\PSAPI.DLL
0x729a0000 - 0x729a8000 	C:\Windows\SYSTEM32\WSOCK32.dll
0x74030000 - 0x7408f000 	C:\Windows\SYSTEM32\WS2_32.dll
0x73bb0000 - 0x73bd4000 	C:\Windows\SYSTEM32\WINMM.dll
0x73c00000 - 0x73c08000 	C:\Windows\SYSTEM32\VERSION.dll
0x729e0000 - 0x72a03000 	C:\Windows\SYSTEM32\WINMMBASE.dll
0x75fa0000 - 0x75fd7000 	C:\Windows\SYSTEM32\cfgmgr32.dll
0x6d9f0000 - 0x6d9fc000 	C:\Program Files (x86)\Java\jdk1.8.0_111\jre\bin\verify.dll
0x69f80000 - 0x69fa1000 	C:\Program Files (x86)\Java\jdk1.8.0_111\jre\bin\java.dll
0x6cee0000 - 0x6cef3000 	C:\Program Files (x86)\Java\jdk1.8.0_111\jre\bin\zip.dll
0x740e0000 - 0x754de000 	C:\Windows\SYSTEM32\SHELL32.dll
0x76880000 - 0x76d7a000 	C:\Windows\SYSTEM32\windows.storage.dll
0x75ea0000 - 0x75ee5000 	C:\Windows\SYSTEM32\shlwapi.dll
0x76870000 - 0x7687c000 	C:\Windows\SYSTEM32\kernel.appcore.dll
0x754e0000 - 0x7556d000 	C:\Windows\SYSTEM32\shcore.dll
0x76ef0000 - 0x76f34000 	C:\Windows\SYSTEM32\powrprof.dll
0x75af0000 - 0x75aff000 	C:\Windows\SYSTEM32\profapi.dll
0x69960000 - 0x69aa6000 	C:\Program Files (x86)\Java\jdk1.8.0_111\jre\bin\awt.dll
0x75c70000 - 0x75d02000 	C:\Windows\SYSTEM32\OLEAUT32.dll
0x70a30000 - 0x70aa5000 	C:\Windows\system32\uxtheme.dll
0x76350000 - 0x7646f000 	C:\Windows\SYSTEM32\MSCTF.dll
0x6e080000 - 0x6e09d000 	C:\Windows\system32\dwmapi.dll
0x761a0000 - 0x7628b000 	C:\Windows\SYSTEM32\ole32.dll
0x69ea0000 - 0x69ed9000 	C:\Program Files (x86)\Java\jdk1.8.0_111\jre\bin\fontmanager.dll
0x69f60000 - 0x69f76000 	C:\Program Files (x86)\Java\jdk1.8.0_111\jre\bin\net.dll
0x72620000 - 0x7266f000 	C:\Windows\system32\mswsock.dll
0x69890000 - 0x6989f000 	C:\Program Files (x86)\Java\jdk1.8.0_111\jre\bin\nio.dll
0x69850000 - 0x69882000 	C:\Program Files (x86)\Java\jdk1.8.0_111\jre\bin\t2k.dll
0x75a60000 - 0x75ae4000 	C:\Windows\SYSTEM32\clbcatq.dll
0x6b080000 - 0x6b1f3000 	C:\Windows\SYSTEM32\WindowsCodecs.dll
0x6e4f0000 - 0x6e531000 	C:\Windows\system32\dataexchange.dll
0x6dc70000 - 0x6de8a000 	C:\Windows\system32\d3d11.dll
0x6d100000 - 0x6d1a7000 	C:\Windows\system32\dcomp.dll
0x6e0d0000 - 0x6e152000 	C:\Windows\system32\dxgi.dll
0x70b80000 - 0x70c4e000 	C:\Windows\system32\twinapi.appcore.dll
0x73b90000 - 0x73bab000 	C:\Windows\system32\bcrypt.dll
0x69820000 - 0x69844000 	C:\Program Files (x86)\Java\jdk1.8.0_111\jre\bin\dcpr.dll
0x6cf20000 - 0x6d03c000 	C:\Windows\System32\uiautomationcore.dll
0x73c10000 - 0x73c29000 	C:\Windows\System32\USERENV.dll
0x6cdd0000 - 0x6ce24000 	C:\Windows\System32\OLEACC.dll
0x15590000 - 0x1560c000 	C:\Users\CHAGAS\Documents\NetBeansProjects\OPCRead\lib\JCustomOpc.dll
0x72670000 - 0x727af000 	C:\Windows\SYSTEM32\dbghelp.dll

VM Arguments:
jvm_args: -Dfile.encoding=UTF-8 
java_command: Principal.OPCRead
java_class_path (initial): C:\Users\CHAGAS\Desktop\trabalho elipsescada\Bibliotecas\commons-logging-1.1.jar;C:\Users\CHAGAS\Desktop\trabalho elipsescada\Bibliotecas\jcommon-1.0.23.jar;C:\Users\CHAGAS\Desktop\trabalho elipsescada\Bibliotecas\jeasyopc.jar;C:\Users\CHAGAS\Desktop\trabalho elipsescada\Bibliotecas\jfreechart-1.0.19.jar;C:\Users\CHAGAS\Desktop\trabalho elipsescada\Bibliotecas\log4j-1.2.13.jar;C:\Users\CHAGAS\Documents\NetBeansProjects\OPCRead\build\classes
Launcher Type: SUN_STANDARD

Environment Variables:
PATH=C:\ProgramData\Oracle\Java\javapath;C:\Windows\system32;C:\Windows;C:\Windows\System32\Wbem;C:\Windows\System32\WindowsPowerShell\v1.0\;C:\Program Files (x86)\Skype\Phone\;C:\Program Files\MATLAB\R2012b\runtime\win64;C:\Program Files\MATLAB\R2012b\bin
USERNAME=CHAGAS
OS=Windows_NT
PROCESSOR_IDENTIFIER=Intel64 Family 6 Model 23 Stepping 10, GenuineIntel



---------------  S Y S T E M  ---------------

OS: Windows 10.0 , 64 bit Build 10586 (10.0.10586.0)

CPU:total 2 (2 cores per cpu, 1 threads per core) family 6 model 23 stepping 10, cmov, cx8, fxsr, mmx, sse, sse2, sse3, ssse3, tsc

Memory: 4k page, physical 3074020k(603300k free), swap 3729380k(1289068k free)

vm_info: Java HotSpot(TM) Client VM (25.111-b14) for windows-x86 JRE (1.8.0_111-b14), built on Sep 22 2016 18:54:33 by "java_re" with MS VC++ 10.0 (VS2010)

time: Thu Nov 03 20:21:57 2016
elapsed time: 48 seconds (0d 0h 0m 48s)

