#
# A fatal error has been detected by the Java Runtime Environment:
#
#  EXCEPTION_ACCESS_VIOLATION (0xc0000005) at pc=0x17244370, pid=7932, tid=0x000011c0
#
# JRE version: Java(TM) SE Runtime Environment (8.0_111-b14) (build 1.8.0_111-b14)
# Java VM: Java HotSpot(TM) Client VM (25.111-b14 mixed mode, sharing windows-x86 )
# Problematic frame:
# C  [JCustomOpc.dll+0x64370]
#
# Failed to write core dump. Minidumps are not enabled by default on client versions of Windows
#
# If you would like to submit a bug report, please visit:
#   http://bugreport.java.com/bugreport/crash.jsp
# The crash happened outside the Java Virtual Machine in native code.
# See problematic frame for where to report the bug.
#

---------------  T H R E A D  ---------------

Current thread (0x15d4a400):  JavaThread "AWT-EventQueue-0" [_thread_in_native, id=4544, stack(0x16920000,0x16970000)]

siginfo: ExceptionCode=0xc0000005, reading address 0x00000000

Registers:
EAX=0x00000000, EBX=0x17361b58, ECX=0x00000000, EDX=0x17361bd8
ESP=0x1696e7b0, EBP=0x1696e7d8, ESI=0x17361bd8, EDI=0x00000000
EIP=0x17244370, EFLAGS=0x00010246

Top of Stack: (sp=0x1696e7b0)
0x1696e7b0:   00000000 00000000 00000000 1696e7f0
0x1696e7c0:   172443bc 1696e7d8 00000000 00000001
0x1696e7d0:   17361b58 00000000 1696e808 172443f2
0x1696e7e0:   15d4a400 1696e858 17361b58 172467a2
0x1696e7f0:   1696eec8 172467ac 1696e808 15d4a400
0x1696e800:   153edc20 153edc28 1696e848 0248d3d3
0x1696e810:   15d4a540 1696e858 0248d1f0 1542c2a8
0x1696e820:   153edc28 0248d1c6 1696e828 153edc20 

Instructions: (pc=0x17244370)
0x17244350:   00 53 56 57 8b f2 8b d8 33 c0 55 68 bc 43 24 17
0x17244360:   64 ff 30 64 89 20 6a 00 8b 46 20 50 8b 43 14 50
0x17244370:   8b 00 ff 50 1c 8b f8 89 7b 10 8b c7 a9 00 00 00
0x17244380:   80 0f 94 c0 84 c0 75 1e 8d 55 fc 8b c6 e8 06 27 


Register to memory mapping:

EAX=0x00000000 is an unknown value
EBX=0x17361b58 is an unknown value
ECX=0x00000000 is an unknown value
EDX=0x17361bd8 is an unknown value
ESP=0x1696e7b0 is pointing into the stack for thread: 0x15d4a400
EBP=0x1696e7d8 is pointing into the stack for thread: 0x15d4a400
ESI=0x17361bd8 is an unknown value
EDI=0x00000000 is an unknown value


Stack: [0x16920000,0x16970000],  sp=0x1696e7b0,  free space=313k
Native frames: (J=compiled Java code, j=interpreted, Vv=VM code, C=native code)
C  [JCustomOpc.dll+0x64370]
C  [JCustomOpc.dll+0x643f2]
j  javafish.clients.opc.JOpc.unregisterGroupsNative()V+0
j  javafish.clients.opc.JOpc.unregisterGroups()V+1
j  Principal.OPCRead.desconectarOPC()V+4
j  Principal.OPCRead.btnConectarActionPerformed(Ljava/awt/event/ActionEvent;)V+86
j  Principal.OPCRead.access$200(LPrincipal/OPCRead;Ljava/awt/event/ActionEvent;)V+2
j  Principal.OPCRead$3.actionPerformed(Ljava/awt/event/ActionEvent;)V+5
j  javax.swing.AbstractButton.fireActionPerformed(Ljava/awt/event/ActionEvent;)V+83
j  javax.swing.AbstractButton$Handler.actionPerformed(Ljava/awt/event/ActionEvent;)V+5
j  javax.swing.DefaultButtonModel.fireActionPerformed(Ljava/awt/event/ActionEvent;)V+34
j  javax.swing.DefaultButtonModel.setPressed(Z)V+117
j  javax.swing.plaf.basic.BasicButtonListener.mouseReleased(Ljava/awt/event/MouseEvent;)V+35
j  java.awt.Component.processMouseEvent(Ljava/awt/event/MouseEvent;)V+64
j  javax.swing.JComponent.processMouseEvent(Ljava/awt/event/MouseEvent;)V+23
j  java.awt.Component.processEvent(Ljava/awt/AWTEvent;)V+81
j  java.awt.Container.processEvent(Ljava/awt/AWTEvent;)V+18
j  java.awt.Component.dispatchEventImpl(Ljava/awt/AWTEvent;)V+589
j  java.awt.Container.dispatchEventImpl(Ljava/awt/AWTEvent;)V+42
j  java.awt.Component.dispatchEvent(Ljava/awt/AWTEvent;)V+2
j  java.awt.LightweightDispatcher.retargetMouseEvent(Ljava/awt/Component;ILjava/awt/event/MouseEvent;)V+327
j  java.awt.LightweightDispatcher.processMouseEvent(Ljava/awt/event/MouseEvent;)Z+155
j  java.awt.LightweightDispatcher.dispatchEvent(Ljava/awt/AWTEvent;)Z+50
j  java.awt.Container.dispatchEventImpl(Ljava/awt/AWTEvent;)V+12
j  java.awt.Window.dispatchEventImpl(Ljava/awt/AWTEvent;)V+19
j  java.awt.Component.dispatchEvent(Ljava/awt/AWTEvent;)V+2
j  java.awt.EventQueue.dispatchEventImpl(Ljava/awt/AWTEvent;Ljava/lang/Object;)V+41
j  java.awt.EventQueue.access$500(Ljava/awt/EventQueue;Ljava/awt/AWTEvent;Ljava/lang/Object;)V+3
j  java.awt.EventQueue$3.run()Ljava/lang/Void;+32
j  java.awt.EventQueue$3.run()Ljava/lang/Object;+1
v  ~StubRoutines::call_stub
V  [jvm.dll+0x15a895]
V  [jvm.dll+0x220bfe]
V  [jvm.dll+0x15a92e]
V  [jvm.dll+0x10aeaf]
C  [java.dll+0x102f]
J 565 C1 java.security.ProtectionDomain$JavaSecurityAccessImpl.doIntersectionPrivilege(Ljava/security/PrivilegedAction;Ljava/security/AccessControlContext;Ljava/security/AccessControlContext;)Ljava/lang/Object; (22 bytes) @ 0x025e6ac0 [0x025e69c0+0x100]
C  0x046cde78

Java frames: (J=compiled Java code, j=interpreted, Vv=VM code)
j  javafish.clients.opc.JOpc.unregisterGroupsNative()V+0
j  javafish.clients.opc.JOpc.unregisterGroups()V+1
j  Principal.OPCRead.desconectarOPC()V+4
j  Principal.OPCRead.btnConectarActionPerformed(Ljava/awt/event/ActionEvent;)V+86
j  Principal.OPCRead.access$200(LPrincipal/OPCRead;Ljava/awt/event/ActionEvent;)V+2
j  Principal.OPCRead$3.actionPerformed(Ljava/awt/event/ActionEvent;)V+5
j  javax.swing.AbstractButton.fireActionPerformed(Ljava/awt/event/ActionEvent;)V+83
j  javax.swing.AbstractButton$Handler.actionPerformed(Ljava/awt/event/ActionEvent;)V+5
j  javax.swing.DefaultButtonModel.fireActionPerformed(Ljava/awt/event/ActionEvent;)V+34
j  javax.swing.DefaultButtonModel.setPressed(Z)V+117
j  javax.swing.plaf.basic.BasicButtonListener.mouseReleased(Ljava/awt/event/MouseEvent;)V+35
j  java.awt.Component.processMouseEvent(Ljava/awt/event/MouseEvent;)V+64
j  javax.swing.JComponent.processMouseEvent(Ljava/awt/event/MouseEvent;)V+23
j  java.awt.Component.processEvent(Ljava/awt/AWTEvent;)V+81
j  java.awt.Container.processEvent(Ljava/awt/AWTEvent;)V+18
j  java.awt.Component.dispatchEventImpl(Ljava/awt/AWTEvent;)V+589
j  java.awt.Container.dispatchEventImpl(Ljava/awt/AWTEvent;)V+42
j  java.awt.Component.dispatchEvent(Ljava/awt/AWTEvent;)V+2
j  java.awt.LightweightDispatcher.retargetMouseEvent(Ljava/awt/Component;ILjava/awt/event/MouseEvent;)V+327
j  java.awt.LightweightDispatcher.processMouseEvent(Ljava/awt/event/MouseEvent;)Z+155
j  java.awt.LightweightDispatcher.dispatchEvent(Ljava/awt/AWTEvent;)Z+50
j  java.awt.Container.dispatchEventImpl(Ljava/awt/AWTEvent;)V+12
j  java.awt.Window.dispatchEventImpl(Ljava/awt/AWTEvent;)V+19
j  java.awt.Component.dispatchEvent(Ljava/awt/AWTEvent;)V+2
j  java.awt.EventQueue.dispatchEventImpl(Ljava/awt/AWTEvent;Ljava/lang/Object;)V+41
j  java.awt.EventQueue.access$500(Ljava/awt/EventQueue;Ljava/awt/AWTEvent;Ljava/lang/Object;)V+3
j  java.awt.EventQueue$3.run()Ljava/lang/Void;+32
j  java.awt.EventQueue$3.run()Ljava/lang/Object;+1
v  ~StubRoutines::call_stub
j  java.security.AccessController.doPrivileged(Ljava/security/PrivilegedAction;Ljava/security/AccessControlContext;)Ljava/lang/Object;+0
J 565 C1 java.security.ProtectionDomain$JavaSecurityAccessImpl.doIntersectionPrivilege(Ljava/security/PrivilegedAction;Ljava/security/AccessControlContext;Ljava/security/AccessControlContext;)Ljava/lang/Object; (22 bytes) @ 0x025e6ac0 [0x025e69c0+0x100]
j  java.security.ProtectionDomain$JavaSecurityAccessImpl.doIntersectionPrivilege(Ljava/security/PrivilegedAction;Ljava/security/AccessControlContext;)Ljava/lang/Object;+6
j  java.awt.EventQueue$4.run()Ljava/lang/Void;+11
j  java.awt.EventQueue$4.run()Ljava/lang/Object;+1
v  ~StubRoutines::call_stub
j  java.security.AccessController.doPrivileged(Ljava/security/PrivilegedAction;Ljava/security/AccessControlContext;)Ljava/lang/Object;+0
J 565 C1 java.security.ProtectionDomain$JavaSecurityAccessImpl.doIntersectionPrivilege(Ljava/security/PrivilegedAction;Ljava/security/AccessControlContext;Ljava/security/AccessControlContext;)Ljava/lang/Object; (22 bytes) @ 0x025e6ac0 [0x025e69c0+0x100]
j  java.awt.EventQueue.dispatchEvent(Ljava/awt/AWTEvent;)V+73
J 555 C1 java.awt.EventDispatchThread.pumpOneEventForFilters(I)V (295 bytes) @ 0x025e19d0 [0x025e1340+0x690]
j  java.awt.EventDispatchThread.pumpEventsForFilter(ILjava/awt/Conditional;Ljava/awt/EventFilter;)V+35
j  java.awt.EventDispatchThread.pumpEventsForHierarchy(ILjava/awt/Conditional;Ljava/awt/Component;)V+11
j  java.awt.EventDispatchThread.pumpEvents(ILjava/awt/Conditional;)V+4
j  java.awt.EventDispatchThread.pumpEvents(Ljava/awt/Conditional;)V+3
j  java.awt.EventDispatchThread.run()V+9
v  ~StubRoutines::call_stub

---------------  P R O C E S S  ---------------

Java Threads: ( => current thread )
  0x169d8000 JavaThread "TimerQueue" daemon [_thread_blocked, id=8184, stack(0x154b0000,0x15500000)]
  0x003ec400 JavaThread "DestroyJavaVM" [_thread_blocked, id=2472, stack(0x02160000,0x021b0000)]
=>0x15d4a400 JavaThread "AWT-EventQueue-0" [_thread_in_native, id=4544, stack(0x16920000,0x16970000)]
  0x15d49c00 JavaThread "AWT-Shutdown" [_thread_blocked, id=6468, stack(0x15590000,0x155e0000)]
  0x15d32400 JavaThread "AWT-Windows" daemon [_thread_in_native, id=1928, stack(0x16160000,0x161b0000)]
  0x15d2ec00 JavaThread "Java2D Disposer" daemon [_thread_blocked, id=4664, stack(0x15b70000,0x15bc0000)]
  0x00c0fc00 JavaThread "Service Thread" daemon [_thread_blocked, id=2780, stack(0x15520000,0x15570000)]
  0x00bf0800 JavaThread "C1 CompilerThread0" daemon [_thread_blocked, id=3676, stack(0x14950000,0x149a0000)]
  0x00bef800 JavaThread "Attach Listener" daemon [_thread_blocked, id=4912, stack(0x045a0000,0x045f0000)]
  0x00bec800 JavaThread "Signal Dispatcher" daemon [_thread_blocked, id=1256, stack(0x148d0000,0x14920000)]
  0x00be1800 JavaThread "Finalizer" daemon [_thread_blocked, id=2600, stack(0x00ab0000,0x00b00000)]
  0x00b85400 JavaThread "Reference Handler" daemon [_thread_blocked, id=7100, stack(0x14670000,0x146c0000)]

Other Threads:
  0x00b81000 VMThread [stack: 0x020f0000,0x02140000] [id=7416]
  0x00c22000 WatcherThread [stack: 0x15bd0000,0x15c20000] [id=7516]

VM state:not at safepoint (normal execution)

VM Mutex/Monitor currently owned by a thread: None

Heap:
 def new generation   total 4928K, used 1373K [0x04600000, 0x04b50000, 0x09b50000)
  eden space 4416K,  19% used [0x04600000, 0x046d77a0, 0x04a50000)
  from space 512K, 100% used [0x04ad0000, 0x04b50000, 0x04b50000)
  to   space 512K,   0% used [0x04a50000, 0x04a50000, 0x04ad0000)
 tenured generation   total 10944K, used 7506K [0x09b50000, 0x0a600000, 0x14600000)
   the space 10944K,  68% used [0x09b50000, 0x0a2a4908, 0x0a2a4a00, 0x0a600000)
 Metaspace       used 3384K, capacity 4239K, committed 4288K, reserved 4480K

Card table byte_map: [0x00410000,0x004a0000] byte_map_base: 0x003ed000

Polling page: 0x001c0000

CodeCache: size=32768Kb used=1427Kb max_used=1437Kb free=31340Kb
 bounds [0x02480000, 0x025e8000, 0x04480000]
 total_blobs=836 nmethods=562 adapters=204
 compilation: enabled

Compilation events (10 events):
Event: 46.011 Thread 0x00bf0800  565             java.security.ProtectionDomain$JavaSecurityAccessImpl::doIntersectionPrivilege (22 bytes)
Event: 46.012 Thread 0x00bf0800 nmethod 565 0x025e6888 code [0x025e69c0, 0x025e6bd0]
Event: 46.012 Thread 0x00bf0800  566             java.security.ProtectionDomain$JavaSecurityAccessImpl::getCombinedACC (30 bytes)
Event: 46.012 Thread 0x00bf0800 nmethod 566 0x025e6d88 code [0x025e6ea0, 0x025e7018]
Event: 46.099 Thread 0x00bf0800  568             sun.awt.AWTAutoShutdown::notifyToolkitThreadBusy (8 bytes)
Event: 46.099 Thread 0x00bf0800 nmethod 568 0x025e7388 code [0x025e7480, 0x025e750c]
Event: 46.099 Thread 0x00bf0800  569             sun.awt.AWTAutoShutdown::notifyToolkitThreadFree (8 bytes)
Event: 46.099 Thread 0x00bf0800 nmethod 569 0x025e7588 code [0x025e7680, 0x025e770c]
Event: 46.387 Thread 0x00bf0800  570             sun.java2d.SurfaceData::getColorModel (5 bytes)
Event: 46.387 Thread 0x00bf0800 nmethod 570 0x0259e2c8 code [0x0259e3c0, 0x0259e440]

GC Heap History (10 events):
Event: 7.563 GC heap before
{Heap before GC invocations=2 (full 0):
 def new generation   total 4928K, used 4156K [0x04600000, 0x04b50000, 0x09b50000)
  eden space 4416K,  82% used [0x04600000, 0x0498f378, 0x04a50000)
  from space 512K, 100% used [0x04a50000, 0x04ad0000, 0x04ad0000)
  to   space 512K,   0% used [0x04ad0000, 0x04ad0000, 0x04b50000)
 tenured generation   total 10944K, used 2321K [0x09b50000, 0x0a600000, 0x14600000)
   the space 10944K,  21% used [0x09b50000, 0x09d945a8, 0x09d94600, 0x0a600000)
 Metaspace       used 2468K, capacity 3791K, committed 3904K, reserved 4480K
Event: 7.567 GC heap after
Heap after GC invocations=3 (full 0):
 def new generation   total 4928K, used 512K [0x04600000, 0x04b50000, 0x09b50000)
  eden space 4416K,   0% used [0x04600000, 0x04600000, 0x04a50000)
  from space 512K, 100% used [0x04ad0000, 0x04b50000, 0x04b50000)
  to   space 512K,   0% used [0x04a50000, 0x04a50000, 0x04ad0000)
 tenured generation   total 10944K, used 3271K [0x09b50000, 0x0a600000, 0x14600000)
   the space 10944K,  29% used [0x09b50000, 0x09e81d40, 0x09e81e00, 0x0a600000)
 Metaspace       used 2468K, capacity 3791K, committed 3904K, reserved 4480K
}
Event: 7.767 GC heap before
{Heap before GC invocations=3 (full 0):
 def new generation   total 4928K, used 4048K [0x04600000, 0x04b50000, 0x09b50000)
  eden space 4416K,  80% used [0x04600000, 0x049743d8, 0x04a50000)
  from space 512K, 100% used [0x04ad0000, 0x04b50000, 0x04b50000)
  to   space 512K,   0% used [0x04a50000, 0x04a50000, 0x04ad0000)
 tenured generation   total 10944K, used 3271K [0x09b50000, 0x0a600000, 0x14600000)
   the space 10944K,  29% used [0x09b50000, 0x09e81d40, 0x09e81e00, 0x0a600000)
 Metaspace       used 2567K, capacity 3791K, committed 3904K, reserved 4480K
Event: 7.771 GC heap after
Heap after GC invocations=4 (full 0):
 def new generation   total 4928K, used 97K [0x04600000, 0x04b50000, 0x09b50000)
  eden space 4416K,   0% used [0x04600000, 0x04600000, 0x04a50000)
  from space 512K,  19% used [0x04a50000, 0x04a687f0, 0x04ad0000)
  to   space 512K,   0% used [0x04ad0000, 0x04ad0000, 0x04b50000)
 tenured generation   total 10944K, used 6084K [0x09b50000, 0x0a600000, 0x14600000)
   the space 10944K,  55% used [0x09b50000, 0x0a141310, 0x0a141400, 0x0a600000)
 Metaspace       used 2567K, capacity 3791K, committed 3904K, reserved 4480K
}
Event: 8.778 GC heap before
{Heap before GC invocations=4 (full 0):
 def new generation   total 4928K, used 4513K [0x04600000, 0x04b50000, 0x09b50000)
  eden space 4416K, 100% used [0x04600000, 0x04a50000, 0x04a50000)
  from space 512K,  19% used [0x04a50000, 0x04a687f0, 0x04ad0000)
  to   space 512K,   0% used [0x04ad0000, 0x04ad0000, 0x04b50000)
 tenured generation   total 10944K, used 6084K [0x09b50000, 0x0a600000, 0x14600000)
   the space 10944K,  55% used [0x09b50000, 0x0a141310, 0x0a141400, 0x0a600000)
 Metaspace       used 2839K, capacity 3983K, committed 4032K, reserved 4480K
Event: 8.782 GC heap after
Heap after GC invocations=5 (full 0):
 def new generation   total 4928K, used 422K [0x04600000, 0x04b50000, 0x09b50000)
  eden space 4416K,   0% used [0x04600000, 0x04600000, 0x04a50000)
  from space 512K,  82% used [0x04ad0000, 0x04b39b98, 0x04b50000)
  to   space 512K,   0% used [0x04a50000, 0x04a50000, 0x04ad0000)
 tenured generation   total 10944K, used 7078K [0x09b50000, 0x0a600000, 0x14600000)
   the space 10944K,  64% used [0x09b50000, 0x0a239a08, 0x0a239c00, 0x0a600000)
 Metaspace       used 2839K, capacity 3983K, committed 4032K, reserved 4480K
}
Event: 24.643 GC heap before
{Heap before GC invocations=5 (full 0):
 def new generation   total 4928K, used 4838K [0x04600000, 0x04b50000, 0x09b50000)
  eden space 4416K, 100% used [0x04600000, 0x04a50000, 0x04a50000)
  from space 512K,  82% used [0x04ad0000, 0x04b39b98, 0x04b50000)
  to   space 512K,   0% used [0x04a50000, 0x04a50000, 0x04ad0000)
 tenured generation   total 10944K, used 7078K [0x09b50000, 0x0a600000, 0x14600000)
   the space 10944K,  64% used [0x09b50000, 0x0a239a08, 0x0a239c00, 0x0a600000)
 Metaspace       used 2862K, capacity 3983K, committed 4032K, reserved 4480K
Event: 24.646 GC heap after
Heap after GC invocations=6 (full 0):
 def new generation   total 4928K, used 153K [0x04600000, 0x04b50000, 0x09b50000)
  eden space 4416K,   0% used [0x04600000, 0x04600000, 0x04a50000)
  from space 512K,  29% used [0x04a50000, 0x04a76440, 0x04ad0000)
  to   space 512K,   0% used [0x04ad0000, 0x04ad0000, 0x04b50000)
 tenured generation   total 10944K, used 7300K [0x09b50000, 0x0a600000, 0x14600000)
   the space 10944K,  66% used [0x09b50000, 0x0a271050, 0x0a271200, 0x0a600000)
 Metaspace       used 2862K, capacity 3983K, committed 4032K, reserved 4480K
}
Event: 33.909 GC heap before
{Heap before GC invocations=6 (full 0):
 def new generation   total 4928K, used 4569K [0x04600000, 0x04b50000, 0x09b50000)
  eden space 4416K, 100% used [0x04600000, 0x04a50000, 0x04a50000)
  from space 512K,  29% used [0x04a50000, 0x04a76440, 0x04ad0000)
  to   space 512K,   0% used [0x04ad0000, 0x04ad0000, 0x04b50000)
 tenured generation   total 10944K, used 7300K [0x09b50000, 0x0a600000, 0x14600000)
   the space 10944K,  66% used [0x09b50000, 0x0a271050, 0x0a271200, 0x0a600000)
 Metaspace       used 3383K, capacity 4239K, committed 4288K, reserved 4480K
Event: 33.919 GC heap after
Heap after GC invocations=7 (full 0):
 def new generation   total 4928K, used 512K [0x04600000, 0x04b50000, 0x09b50000)
  eden space 4416K,   0% used [0x04600000, 0x04600000, 0x04a50000)
  from space 512K, 100% used [0x04ad0000, 0x04b50000, 0x04b50000)
  to   space 512K,   0% used [0x04a50000, 0x04a50000, 0x04ad0000)
 tenured generation   total 10944K, used 7506K [0x09b50000, 0x0a600000, 0x14600000)
   the space 10944K,  68% used [0x09b50000, 0x0a2a4908, 0x0a2a4a00, 0x0a600000)
 Metaspace       used 3383K, capacity 4239K, committed 4288K, reserved 4480K
}

Deoptimization events (0 events):
No events

Internal exceptions (10 events):
Event: 31.225 Thread 0x15d4a400 Exception <a 'java/lang/ArrayIndexOutOfBoundsException': 160> (0x048f56c0) thrown at [C:\re\workspace\8-2-build-windows-i586-cygwin\jdk8u111\7883\hotspot\src\share\vm\interpreter\interpreterRuntime.cpp, line 366]
Event: 31.227 Thread 0x15d4a400 Exception <a 'java/lang/ClassNotFoundException': org/apache/log4j/LayoutCustomizer> (0x048fc040) thrown at [C:\re\workspace\8-2-build-windows-i586-cygwin\jdk8u111\7883\hotspot\src\share\vm\classfile\systemDictionary.cpp, line 210]
Event: 31.228 Thread 0x15d4a400 Exception <a 'java/lang/ClassNotFoundException': org/apache/log4j/PatternLayoutCustomizer> (0x0490d910) thrown at [C:\re\workspace\8-2-build-windows-i586-cygwin\jdk8u111\7883\hotspot\src\share\vm\classfile\systemDictionary.cpp, line 210]
Event: 31.230 Thread 0x15d4a400 Exception <a 'java/lang/ClassNotFoundException': org/apache/log4j/FileAppenderBeanInfo> (0x04926910) thrown at [C:\re\workspace\8-2-build-windows-i586-cygwin\jdk8u111\7883\hotspot\src\share\vm\classfile\systemDictionary.cpp, line 210]
Event: 31.230 Thread 0x15d4a400 Exception <a 'java/lang/ClassNotFoundException': org/apache/log4j/WriterAppenderBeanInfo> (0x0492b5e8) thrown at [C:\re\workspace\8-2-build-windows-i586-cygwin\jdk8u111\7883\hotspot\src\share\vm\classfile\systemDictionary.cpp, line 210]
Event: 31.230 Thread 0x15d4a400 Exception <a 'java/lang/ClassNotFoundException': org/apache/log4j/AppenderSkeletonBeanInfo> (0x049303d0) thrown at [C:\re\workspace\8-2-build-windows-i586-cygwin\jdk8u111\7883\hotspot\src\share\vm\classfile\systemDictionary.cpp, line 210]
Event: 31.230 Thread 0x15d4a400 Exception <a 'java/lang/ClassNotFoundException': org/apache/log4j/AppenderSkeletonCustomizer> (0x049351d0) thrown at [C:\re\workspace\8-2-build-windows-i586-cygwin\jdk8u111\7883\hotspot\src\share\vm\classfile\systemDictionary.cpp, line 210]
Event: 31.232 Thread 0x15d4a400 Exception <a 'java/lang/ClassNotFoundException': org/apache/log4j/WriterAppenderCustomizer> (0x0494b660) thrown at [C:\re\workspace\8-2-build-windows-i586-cygwin\jdk8u111\7883\hotspot\src\share\vm\classfile\systemDictionary.cpp, line 210]
Event: 31.232 Thread 0x15d4a400 Exception <a 'java/lang/ClassNotFoundException': org/apache/log4j/FileAppenderCustomizer> (0x0495bef8) thrown at [C:\re\workspace\8-2-build-windows-i586-cygwin\jdk8u111\7883\hotspot\src\share\vm\classfile\systemDictionary.cpp, line 210]
Event: 31.251 Thread 0x15d4a400 Exception <a 'javafish/clients/opc/exception/ConnectivityException': Connection fails to OPC Server.> (0x0498b428) thrown at [C:\re\workspace\8-2-build-windows-i586-cygwin\jdk8u111\7883\hotspot\src\share\vm\prims\jni.cpp, line 735]

Events (10 events):
Event: 33.921 Executing VM operation: RevokeBias
Event: 33.921 Executing VM operation: RevokeBias done
Event: 33.921 Executing VM operation: RevokeBias
Event: 33.924 Executing VM operation: RevokeBias done
Event: 33.925 Executing VM operation: RevokeBias
Event: 33.925 Executing VM operation: RevokeBias done
Event: 44.066 Thread 0x00bf0800 flushing nmethod 0x02550b88
Event: 45.767 loading class java/awt/KeyboardFocusManager$4
Event: 45.767 loading class java/awt/KeyboardFocusManager$4 done
Event: 46.099 Thread 0x00bf0800 flushing nmethod 0x0259bb48


Dynamic libraries:
0x00c80000 - 0x00cb3000 	C:\Program Files (x86)\Java\jdk1.8.0_111\bin\java.exe
0x77de0000 - 0x77f60000 	C:\Windows\SysWOW64\ntdll.dll
0x759e0000 - 0x75af0000 	C:\Windows\syswow64\kernel32.dll
0x774c0000 - 0x77507000 	C:\Windows\syswow64\KERNELBASE.dll
0x75930000 - 0x759d1000 	C:\Windows\syswow64\ADVAPI32.dll
0x75ce0000 - 0x75d8c000 	C:\Windows\syswow64\msvcrt.dll
0x75af0000 - 0x75b09000 	C:\Windows\SysWOW64\sechost.dll
0x77510000 - 0x77600000 	C:\Windows\syswow64\RPCRT4.dll
0x758d0000 - 0x75930000 	C:\Windows\syswow64\SspiCli.dll
0x758c0000 - 0x758cc000 	C:\Windows\syswow64\CRYPTBASE.dll
0x75df0000 - 0x75ef0000 	C:\Windows\syswow64\USER32.dll
0x764a0000 - 0x76530000 	C:\Windows\syswow64\GDI32.dll
0x76090000 - 0x7609a000 	C:\Windows\syswow64\LPK.dll
0x77350000 - 0x773ed000 	C:\Windows\syswow64\USP10.dll
0x66980000 - 0x66b1e000 	C:\Windows\WinSxS\x86_microsoft.windows.common-controls_6595b64144ccf1df_6.0.7601.18837_none_41e855142bd5705d\COMCTL32.dll
0x77980000 - 0x779d7000 	C:\Windows\syswow64\SHLWAPI.dll
0x75d90000 - 0x75df0000 	C:\Windows\system32\IMM32.DLL
0x75b10000 - 0x75bdd000 	C:\Windows\syswow64\MSCTF.dll
0x75790000 - 0x757b9000 	C:\Windows\SysWOW64\nvinit.dll
0x78940000 - 0x789ff000 	C:\Program Files (x86)\Java\jdk1.8.0_111\jre\bin\msvcr100.dll
0x6cbc0000 - 0x6cf8d000 	C:\Program Files (x86)\Java\jdk1.8.0_111\jre\bin\client\jvm.dll
0x71c40000 - 0x71c47000 	C:\Windows\system32\WSOCK32.dll
0x77310000 - 0x77345000 	C:\Windows\syswow64\WS2_32.dll
0x773f0000 - 0x773f6000 	C:\Windows\syswow64\NSI.dll
0x74ad0000 - 0x74b02000 	C:\Windows\system32\WINMM.dll
0x756a0000 - 0x756a9000 	C:\Windows\system32\VERSION.dll
0x77db0000 - 0x77db5000 	C:\Windows\syswow64\PSAPI.DLL
0x673d0000 - 0x673dc000 	C:\Program Files (x86)\Java\jdk1.8.0_111\jre\bin\verify.dll
0x514c0000 - 0x514e1000 	C:\Program Files (x86)\Java\jdk1.8.0_111\jre\bin\java.dll
0x5d020000 - 0x5d033000 	C:\Program Files (x86)\Java\jdk1.8.0_111\jre\bin\zip.dll
0x765b0000 - 0x771fc000 	C:\Windows\syswow64\SHELL32.dll
0x76180000 - 0x762dd000 	C:\Windows\syswow64\ole32.dll
0x75870000 - 0x7587b000 	C:\Windows\system32\profapi.dll
0x15e20000 - 0x15f66000 	C:\Program Files (x86)\Java\jdk1.8.0_111\jre\bin\awt.dll
0x77210000 - 0x772a1000 	C:\Windows\syswow64\OLEAUT32.dll
0x693f0000 - 0x69470000 	C:\Windows\system32\uxtheme.dll
0x693d0000 - 0x693e3000 	C:\Windows\system32\dwmapi.dll
0x51480000 - 0x514b9000 	C:\Program Files (x86)\Java\jdk1.8.0_111\jre\bin\fontmanager.dll
0x59bd0000 - 0x59be6000 	C:\Program Files (x86)\Java\jdk1.8.0_111\jre\bin\net.dll
0x756f0000 - 0x7572c000 	C:\Windows\system32\mswsock.dll
0x756d0000 - 0x756d6000 	C:\Windows\System32\wship6.dll
0x673c0000 - 0x673cf000 	C:\Program Files (x86)\Java\jdk1.8.0_111\jre\bin\nio.dll
0x50000000 - 0x50032000 	C:\Program Files (x86)\Java\jdk1.8.0_111\jre\bin\t2k.dll
0x760a0000 - 0x76123000 	C:\Windows\syswow64\CLBCatQ.DLL
0x5be20000 - 0x5bf51000 	C:\Windows\system32\WindowsCodecs.dll
0x69690000 - 0x696dc000 	C:\Windows\system32\apphelp.dll
0x594a0000 - 0x59648000 	C:\PROGRA~2\MICROS~1\Office15\GROOVEEX.DLL
0x6ebb0000 - 0x6ec19000 	C:\Windows\system32\MSVCP100.dll
0x68d10000 - 0x68d36000 	C:\Windows\system32\ATL100.DLL
0x74f50000 - 0x75196000 	C:\Windows\system32\msi.dll
0x5f180000 - 0x5f1b1000 	C:\Windows\system32\EhStorShell.dll
0x75ef0000 - 0x7608d000 	C:\Windows\syswow64\SETUPAPI.dll
0x77600000 - 0x77627000 	C:\Windows\syswow64\CFGMGR32.dll
0x76440000 - 0x76452000 	C:\Windows\syswow64\DEVOBJ.dll
0x66bd0000 - 0x66cc5000 	C:\Windows\system32\PROPSYS.dll
0x5f090000 - 0x5f100000 	C:\Windows\system32\ntshrui.dll
0x6eb50000 - 0x6eb69000 	C:\Windows\system32\srvcli.dll
0x69e70000 - 0x69e7b000 	C:\Windows\system32\cscapi.dll
0x5f160000 - 0x5f16a000 	C:\Windows\system32\slc.dll
0x04570000 - 0x04594000 	C:\Program Files (x86)\Java\jdk1.8.0_111\jre\bin\dcpr.dll
0x171e0000 - 0x1725c000 	C:\Users\Administrador.NU3-46262\Desktop\opc-master\lib\JCustomOpc.dll
0x713d0000 - 0x714bb000 	C:\Windows\system32\dbghelp.dll

VM Arguments:
jvm_args: -Dfile.encoding=UTF-8 
java_command: Principal.OPCRead
java_class_path (initial): C:\Users\Administrador.NU3-46262\Desktop\opc-master\lib\commons-logging-1.1.jar;C:\Users\Administrador.NU3-46262\Desktop\opc-master\lib\jcommon-1.0.23.jar;C:\Users\Administrador.NU3-46262\Desktop\opc-master\lib\jeasyopc.jar;C:\Users\Administrador.NU3-46262\Desktop\opc-master\lib\jfreechart-1.0.19.jar;C:\Users\Administrador.NU3-46262\Desktop\opc-master\lib\log4j-1.2.13.jar;C:\Users\Administrador.NU3-46262\Desktop\opc-master\lib\Jama-1.0.2.jar;C:\Users\Administrador.NU3-46262\Desktop\opc-master\build\classes
Launcher Type: SUN_STANDARD

Environment Variables:
PATH=C:\Program Files (x86)\Common Files\ArchestrA\;C:\Program Files (x86)\Intel\iCLS Client\;C:\Program Files\Intel\iCLS Client\;C:\ProgramData\Oracle\Java\javapath;C:\Windows\system32;C:\Windows;C:\Windows\System32\Wbem;C:\Windows\System32\WindowsPowerShell\v1.0\;C:\Program Files\Intel\Intel(R) Management Engine Components\DAL;C:\Program Files\Intel\Intel(R) Management Engine Components\IPT;C:\Program Files (x86)\Intel\Intel(R) Management Engine Components\DAL;C:\Program Files (x86)\Intel\Intel(R) Management Engine Components\IPT;C:\Program Files (x86)\Microsoft SQL Server\110\Tools\Binn\;C:\Program Files (x86)\Microsoft SQL Server\110\DTS\Binn\;C:\Program Files (x86)\Microsoft SQL Server\110\Tools\Binn\ManagementStudio\
USERNAME=Administrador
OS=Windows_NT
PROCESSOR_IDENTIFIER=Intel64 Family 6 Model 60 Stepping 3, GenuineIntel



---------------  S Y S T E M  ---------------

OS: Windows 7 , 64 bit Build 7601 (6.1.7601.23572)

CPU:total 4 (2 cores per cpu, 2 threads per core) family 6 model 60 stepping 3, cmov, cx8, fxsr, mmx, sse, sse2, sse3, ssse3, sse4.1, sse4.2, popcnt, avx, avx2, aes, clmul, erms, lzcnt, ht, tsc, tscinvbit, bmi1, bmi2

Memory: 4k page, physical 4082008k(611576k free), swap 8162156k(4236192k free)

vm_info: Java HotSpot(TM) Client VM (25.111-b14) for windows-x86 JRE (1.8.0_111-b14), built on Sep 22 2016 18:54:33 by "java_re" with MS VC++ 10.0 (VS2010)

time: Tue Nov 22 19:39:25 2016
elapsed time: 46 seconds (0d 0h 0m 46s)

